autoscan-2.59: warning: missing AC_CHECK_FUNCS([memset]) wanted by: 
	src/rsync.c:287
	zynk-0.1.0/src/rsync.c:287
autoscan-2.59: warning: missing AC_CHECK_FUNCS([strchr]) wanted by: 
	src/zynk_signals.c:1047
	zynk-0.1.0/src/zynk_signals.c:1047
autoscan-2.59: warning: missing AC_C_CONST wanted by: 
	src/settings.c:32
	src/settings.c:34
	src/settings.c:34
	src/settings.c:34
	src/settings.c:50
	src/settings.c:50
	src/settings.c:76
	src/settings.c:106
	src/settings.c:112
	src/settings.c:118
	src/settings.c:120
	src/settings.c:124
	src/settings.c:126
	src/settings.c:130
	src/settings.c:132
	src/settings.c:136
	src/settings.c:138
	src/settings.c:142
	src/settings.c:144
	src/settings.c:148
	src/settings.c:150
	src/settings.c:154
	src/settings.c:156
	src/settings.c:160
	src/settings.c:162
	src/settings.c:166
	src/settings.c:168
	src/settings.c:172
	src/settings.c:174
	src/settings.c:178
	src/settings.c:180
	src/settings.c:184
	src/settings.c:186
	src/settings.c:190
	src/settings.c:192
	src/settings.c:196
	src/settings.c:202
	src/settings.c:204
	src/settings.c:208
	src/settings.c:210
	src/settings.c:214
	src/settings.c:216
	src/settings.c:220
	src/settings.c:222
	src/settings.c:226
	src/settings.c:228
	src/settings.c:232
	src/settings.c:234
	src/settings.c:238
	src/settings.c:240
	src/settings.c:244
	src/settings.c:246
	src/settings.c:250
	src/settings.c:252
	src/settings.c:256
	src/settings.c:258
	src/settings.c:262
	src/settings.c:268
	src/settings.c:270
	src/settings.c:274
	src/settings.c:276
	src/settings.c:280
	src/settings.c:282
	src/settings.c:286
	src/settings.c:288
	src/settings.c:292
	src/settings.c:294
	src/settings.c:298
	src/settings.c:300
	src/settings.c:304
	src/settings.c:306
	src/settings.c:310
	src/settings.c:316
	src/settings.c:322
	src/settings.c:328
	src/settings.c:330
	src/settings.c:334
	src/settings.c:336
	src/settings.c:340
	src/settings.c:342
	src/settings.c:346
	src/settings.c:348
	src/settings.c:352
	src/settings.c:354
	src/settings.c:358
	src/settings.c:360
	src/settings.c:364
	src/settings.c:366
	src/settings.c:370
	src/settings.c:372
	src/settings.c:376
	src/settings.c:378
	src/settings.c:382
	src/settings.c:384
	src/settings.c:388
	src/settings.c:390
	src/settings.c:394
	src/settings.c:396
	src/settings.c:400
	src/settings.c:402
	src/settings.c:406
	src/settings.c:412
	src/settings.c:418
	src/settings.c:424
	src/settings.c:430
	src/settings.c:436
	src/settings.c:442
	src/settings.c:444
	src/settings.c:448
	src/settings.c:450
	src/settings.c:454
	src/settings.c:456
	src/settings.c:460
	src/settings.c:466
	src/settings.c:472
	src/settings.c:478
	src/settings.c:480
	src/settings.c:484
	src/settings.c:490
	src/settings.c:492
	src/settings.c:496
	src/settings.c:498
	src/settings.c:502
	src/settings.c:504
	src/settings.c:513
	src/settings.c:531
	src/settings.c:538
	src/settings.c:550
	src/settings.c:811
	src/settings.h:156
	src/settings.h:158
	src/zynk_signals.c:116
	src/xpm/zynk-pixbufs.h:7
	src/xpm/zynk-pixbufs.h:9
	zynk-0.1.0/src/zynk_signals.c:116
	zynk-0.1.0/src/settings.c:32
	zynk-0.1.0/src/settings.c:34
	zynk-0.1.0/src/settings.c:34
	zynk-0.1.0/src/settings.c:34
	zynk-0.1.0/src/settings.c:50
	zynk-0.1.0/src/settings.c:50
	zynk-0.1.0/src/settings.c:76
	zynk-0.1.0/src/settings.c:106
	zynk-0.1.0/src/settings.c:112
	zynk-0.1.0/src/settings.c:118
	zynk-0.1.0/src/settings.c:120
	zynk-0.1.0/src/settings.c:124
	zynk-0.1.0/src/settings.c:126
	zynk-0.1.0/src/settings.c:130
	zynk-0.1.0/src/settings.c:132
	zynk-0.1.0/src/settings.c:136
	zynk-0.1.0/src/settings.c:138
	zynk-0.1.0/src/settings.c:142
	zynk-0.1.0/src/settings.c:144
	zynk-0.1.0/src/settings.c:148
	zynk-0.1.0/src/settings.c:150
	zynk-0.1.0/src/settings.c:154
	zynk-0.1.0/src/settings.c:156
	zynk-0.1.0/src/settings.c:160
	zynk-0.1.0/src/settings.c:162
	zynk-0.1.0/src/settings.c:166
	zynk-0.1.0/src/settings.c:168
	zynk-0.1.0/src/settings.c:172
	zynk-0.1.0/src/settings.c:174
	zynk-0.1.0/src/settings.c:178
	zynk-0.1.0/src/settings.c:180
	zynk-0.1.0/src/settings.c:184
	zynk-0.1.0/src/settings.c:186
	zynk-0.1.0/src/settings.c:190
	zynk-0.1.0/src/settings.c:192
	zynk-0.1.0/src/settings.c:196
	zynk-0.1.0/src/settings.c:202
	zynk-0.1.0/src/settings.c:204
	zynk-0.1.0/src/settings.c:208
	zynk-0.1.0/src/settings.c:210
	zynk-0.1.0/src/settings.c:214
	zynk-0.1.0/src/settings.c:216
	zynk-0.1.0/src/settings.c:220
	zynk-0.1.0/src/settings.c:222
	zynk-0.1.0/src/settings.c:226
	zynk-0.1.0/src/settings.c:228
	zynk-0.1.0/src/settings.c:232
	zynk-0.1.0/src/settings.c:234
	zynk-0.1.0/src/settings.c:238
	zynk-0.1.0/src/settings.c:240
	zynk-0.1.0/src/settings.c:244
	zynk-0.1.0/src/settings.c:246
	zynk-0.1.0/src/settings.c:250
	zynk-0.1.0/src/settings.c:252
	zynk-0.1.0/src/settings.c:256
	zynk-0.1.0/src/settings.c:258
	zynk-0.1.0/src/settings.c:262
	zynk-0.1.0/src/settings.c:268
	zynk-0.1.0/src/settings.c:270
	zynk-0.1.0/src/settings.c:274
	zynk-0.1.0/src/settings.c:276
	zynk-0.1.0/src/settings.c:280
	zynk-0.1.0/src/settings.c:282
	zynk-0.1.0/src/settings.c:286
	zynk-0.1.0/src/settings.c:288
	zynk-0.1.0/src/settings.c:292
	zynk-0.1.0/src/settings.c:294
	zynk-0.1.0/src/settings.c:298
	zynk-0.1.0/src/settings.c:300
	zynk-0.1.0/src/settings.c:304
	zynk-0.1.0/src/settings.c:306
	zynk-0.1.0/src/settings.c:310
	zynk-0.1.0/src/settings.c:316
	zynk-0.1.0/src/settings.c:322
	zynk-0.1.0/src/settings.c:328
	zynk-0.1.0/src/settings.c:330
	zynk-0.1.0/src/settings.c:334
	zynk-0.1.0/src/settings.c:336
	zynk-0.1.0/src/settings.c:340
	zynk-0.1.0/src/settings.c:342
	zynk-0.1.0/src/settings.c:346
	zynk-0.1.0/src/settings.c:348
	zynk-0.1.0/src/settings.c:352
	zynk-0.1.0/src/settings.c:354
	zynk-0.1.0/src/settings.c:358
	zynk-0.1.0/src/settings.c:360
	zynk-0.1.0/src/settings.c:364
	zynk-0.1.0/src/settings.c:366
	zynk-0.1.0/src/settings.c:370
	zynk-0.1.0/src/settings.c:372
	zynk-0.1.0/src/settings.c:376
	zynk-0.1.0/src/settings.c:378
	zynk-0.1.0/src/settings.c:382
	zynk-0.1.0/src/settings.c:384
	zynk-0.1.0/src/settings.c:388
	zynk-0.1.0/src/settings.c:390
	zynk-0.1.0/src/settings.c:394
	zynk-0.1.0/src/settings.c:396
	zynk-0.1.0/src/settings.c:400
	zynk-0.1.0/src/settings.c:402
	zynk-0.1.0/src/settings.c:406
	zynk-0.1.0/src/settings.c:412
	zynk-0.1.0/src/settings.c:418
	zynk-0.1.0/src/settings.c:424
	zynk-0.1.0/src/settings.c:430
	zynk-0.1.0/src/settings.c:436
	zynk-0.1.0/src/settings.c:442
	zynk-0.1.0/src/settings.c:444
	zynk-0.1.0/src/settings.c:448
	zynk-0.1.0/src/settings.c:450
	zynk-0.1.0/src/settings.c:454
	zynk-0.1.0/src/settings.c:456
	zynk-0.1.0/src/settings.c:460
	zynk-0.1.0/src/settings.c:466
	zynk-0.1.0/src/settings.c:472
	zynk-0.1.0/src/settings.c:478
	zynk-0.1.0/src/settings.c:480
	zynk-0.1.0/src/settings.c:484
	zynk-0.1.0/src/settings.c:490
	zynk-0.1.0/src/settings.c:492
	zynk-0.1.0/src/settings.c:496
	zynk-0.1.0/src/settings.c:498
	zynk-0.1.0/src/settings.c:502
	zynk-0.1.0/src/settings.c:504
	zynk-0.1.0/src/settings.c:513
	zynk-0.1.0/src/settings.c:531
	zynk-0.1.0/src/settings.c:538
	zynk-0.1.0/src/settings.c:550
	zynk-0.1.0/src/settings.c:811
	zynk-0.1.0/src/settings.h:156
	zynk-0.1.0/src/settings.h:158
	zynk-0.1.0/src/xpm/zynk-pixbufs.h:7
	zynk-0.1.0/src/xpm/zynk-pixbufs.h:9
autoscan-2.59: warning: missing AC_PROG_RANLIB wanted by: 
	ltmain.sh:6917
	zynk-0.1.0/ltmain.sh:6917
autoscan-2.59: warning: missing AC_TYPE_SIZE_T wanted by: 
	src/settings.c:72
	zynk-0.1.0/src/settings.c:72
